<?xml version="1.0" encoding="UTF-8"?>
<testsuite name="au.edu.sydney.brawndo.erp.todo.ToDoListImplTest" tests="25" skipped="0" failures="0" errors="0" timestamp="2023-03-25T11:23:51" hostname="DESKTOP-SEBBPG2" time="0.049">
  <properties/>
  <testcase name="findAllValidTime1()" classname="au.edu.sydney.brawndo.erp.todo.ToDoListImplTest" time="0.003"/>
  <testcase name="findAllValidTime2()" classname="au.edu.sydney.brawndo.erp.todo.ToDoListImplTest" time="0.001"/>
  <testcase name="findAllValidTime3()" classname="au.edu.sydney.brawndo.erp.todo.ToDoListImplTest" time="0.001"/>
  <testcase name="findAllCompletedAndNot()" classname="au.edu.sydney.brawndo.erp.todo.ToDoListImplTest" time="0.003"/>
  <testcase name="addTaskLocationMaxLength()" classname="au.edu.sydney.brawndo.erp.todo.ToDoListImplTest" time="0.0"/>
  <testcase name="addTaskTimeTest()" classname="au.edu.sydney.brawndo.erp.todo.ToDoListImplTest" time="0.001"/>
  <testcase name="removeIdExist()" classname="au.edu.sydney.brawndo.erp.todo.ToDoListImplTest" time="0.001"/>
  <testcase name="findAllInValidParam()" classname="au.edu.sydney.brawndo.erp.todo.ToDoListImplTest" time="0.006"/>
  <testcase name="clearTest()" classname="au.edu.sydney.brawndo.erp.todo.ToDoListImplTest" time="0.0"/>
  <testcase name="findOneNotExist()" classname="au.edu.sydney.brawndo.erp.todo.ToDoListImplTest" time="0.001"/>
  <testcase name="removeIdNotExist()" classname="au.edu.sydney.brawndo.erp.todo.ToDoListImplTest" time="0.001"/>
  <testcase name="addTaskLocationNotEmpty()" classname="au.edu.sydney.brawndo.erp.todo.ToDoListImplTest" time="0.001"/>
  <testcase name="findAllParamInvalidTime()" classname="au.edu.sydney.brawndo.erp.todo.ToDoListImplTest" time="0.002"/>
  <testcase name="addTaskTimeNullTest()" classname="au.edu.sydney.brawndo.erp.todo.ToDoListImplTest" time="0.001"/>
  <testcase name="addTaskManualId()" classname="au.edu.sydney.brawndo.erp.todo.ToDoListImplTest" time="0.001"/>
  <testcase name="findAllValidParamAndSearchTrue()" classname="au.edu.sydney.brawndo.erp.todo.ToDoListImplTest" time="0.001"/>
  <testcase name="addTaskManualIdRepeat()" classname="au.edu.sydney.brawndo.erp.todo.ToDoListImplTest" time="0.001"/>
  <testcase name="addTaskNullId()" classname="au.edu.sydney.brawndo.erp.todo.ToDoListImplTest" time="0.001"/>
  <testcase name="findAllValidParamAndSearchFalse()" classname="au.edu.sydney.brawndo.erp.todo.ToDoListImplTest" time="0.002"/>
  <testcase name="findAllInValidTime()" classname="au.edu.sydney.brawndo.erp.todo.ToDoListImplTest" time="0.001"/>
  <testcase name="addTaskLocationTooLong()" classname="au.edu.sydney.brawndo.erp.todo.ToDoListImplTest" time="0.001"/>
  <testcase name="addTaskNullToManualToNullId()" classname="au.edu.sydney.brawndo.erp.todo.ToDoListImplTest" time="0.002"/>
  <testcase name="addTaskLocationEmptyNull()" classname="au.edu.sydney.brawndo.erp.todo.ToDoListImplTest" time="0.002"/>
  <testcase name="findAllTasks()" classname="au.edu.sydney.brawndo.erp.todo.ToDoListImplTest" time="0.001"/>
  <testcase name="findOneExist()" classname="au.edu.sydney.brawndo.erp.todo.ToDoListImplTest" time="0.001"/>
  <system-out><![CDATA[Description contains!
Description contains!
Description contains!
Description contains!
Description contains!
Description contains!
]]></system-out>
  <system-err><![CDATA[]]></system-err>
</testsuite>
