<?xml version="1.0" encoding="UTF-8"?>
<testsuite name="au.edu.sydney.brawndo.erp.todo.ToDoFactoryTest" tests="1" skipped="0" failures="0" errors="0" timestamp="2023-03-24T08:14:00" hostname="DESKTOP-SEBBPG2" time="0.004">
  <properties/>
  <testcase name="makeToDOList()" classname="au.edu.sydney.brawndo.erp.todo.ToDoFactoryTest" time="0.004"/>
  <system-out><![CDATA[]]></system-out>
  <system-err><![CDATA[]]></system-err>
</testsuite>
