<?xml version="1.0" encoding="UTF-8"?>
<testsuite name="au.edu.sydney.brawndo.erp.todo.TaskImplTest" tests="12" skipped="0" failures="0" errors="0" timestamp="2023-03-25T11:23:51" hostname="DESKTOP-SEBBPG2" time="0.016">
  <properties/>
  <testcase name="setGetLocationEmptyNull()" classname="au.edu.sydney.brawndo.erp.todo.TaskImplTest" time="0.001"/>
  <testcase name="setGetLocationMaxLength()" classname="au.edu.sydney.brawndo.erp.todo.TaskImplTest" time="0.0"/>
  <testcase name="setGetLocationNotEmpty()" classname="au.edu.sydney.brawndo.erp.todo.TaskImplTest" time="0.0"/>
  <testcase name="testGetID()" classname="au.edu.sydney.brawndo.erp.todo.TaskImplTest" time="0.0"/>
  <testcase name="isCompleted()" classname="au.edu.sydney.brawndo.erp.todo.TaskImplTest" time="0.002"/>
  <testcase name="getDescriptionNUll()" classname="au.edu.sydney.brawndo.erp.todo.TaskImplTest" time="0.001"/>
  <testcase name="dateTimeNull()" classname="au.edu.sydney.brawndo.erp.todo.TaskImplTest" time="0.001"/>
  <testcase name="setGetDescription()" classname="au.edu.sydney.brawndo.erp.todo.TaskImplTest" time="0.0"/>
  <testcase name="setGetLocationTooLong()" classname="au.edu.sydney.brawndo.erp.todo.TaskImplTest" time="0.001"/>
  <testcase name="getFieldNull()" classname="au.edu.sydney.brawndo.erp.todo.TaskImplTest" time="0.001"/>
  <testcase name="setGetDateTime()" classname="au.edu.sydney.brawndo.erp.todo.TaskImplTest" time="0.001"/>
  <testcase name="getField()" classname="au.edu.sydney.brawndo.erp.todo.TaskImplTest" time="0.001"/>
  <system-out><![CDATA[]]></system-out>
  <system-err><![CDATA[]]></system-err>
</testsuite>
